Determining if the pthread_create exist failed with the following output:
Change Dir: /home/moyin/dev/autonomous_controllers/build/CMakeFiles/CMakeTmp

Run Build Command:"/usr/bin/make" "cmTC_bb25c/fast"
/usr/bin/make -f CMakeFiles/cmTC_bb25c.dir/build.make CMakeFiles/cmTC_bb25c.dir/build
make[1]: Entering directory `/home/moyin/dev/autonomous_controllers/build/CMakeFiles/CMakeTmp'
Building C object CMakeFiles/cmTC_bb25c.dir/CheckSymbolExists.c.o
/usr/bin/gcc-4.9     -o CMakeFiles/cmTC_bb25c.dir/CheckSymbolExists.c.o   -c /home/moyin/dev/autonomous_controllers/build/CMakeFiles/CMakeTmp/CheckSymbolExists.c
Linking C executable cmTC_bb25c
/home/moyin/tools/cmake-3.7.0-rc1/bin/cmake -E cmake_link_script CMakeFiles/cmTC_bb25c.dir/link.txt --verbose=1
/usr/bin/gcc-4.9       CMakeFiles/cmTC_bb25c.dir/CheckSymbolExists.c.o  -o cmTC_bb25c -rdynamic 
CMakeFiles/cmTC_bb25c.dir/CheckSymbolExists.c.o: In function `main':
CheckSymbolExists.c:(.text+0x16): undefined reference to `pthread_create'
collect2: error: ld returned 1 exit status
make[1]: *** [cmTC_bb25c] Error 1
make[1]: Leaving directory `/home/moyin/dev/autonomous_controllers/build/CMakeFiles/CMakeTmp'
make: *** [cmTC_bb25c/fast] Error 2

File /home/moyin/dev/autonomous_controllers/build/CMakeFiles/CMakeTmp/CheckSymbolExists.c:
/* */
#include <pthread.h>

int main(int argc, char** argv)
{
  (void)argv;
#ifndef pthread_create
  return ((int*)(&pthread_create))[argc];
#else
  (void)argc;
  return 0;
#endif
}

Determining if the function pthread_create exists in the pthreads failed with the following output:
Change Dir: /home/moyin/dev/autonomous_controllers/build/CMakeFiles/CMakeTmp

Run Build Command:"/usr/bin/make" "cmTC_758a7/fast"
/usr/bin/make -f CMakeFiles/cmTC_758a7.dir/build.make CMakeFiles/cmTC_758a7.dir/build
make[1]: Entering directory `/home/moyin/dev/autonomous_controllers/build/CMakeFiles/CMakeTmp'
Building C object CMakeFiles/cmTC_758a7.dir/CheckFunctionExists.c.o
/usr/bin/gcc-4.9    -DCHECK_FUNCTION_EXISTS=pthread_create   -o CMakeFiles/cmTC_758a7.dir/CheckFunctionExists.c.o   -c /home/moyin/tools/cmake-3.7.0-rc1/Modules/CheckFunctionExists.c
Linking C executable cmTC_758a7
/home/moyin/tools/cmake-3.7.0-rc1/bin/cmake -E cmake_link_script CMakeFiles/cmTC_758a7.dir/link.txt --verbose=1
/usr/bin/gcc-4.9   -DCHECK_FUNCTION_EXISTS=pthread_create    CMakeFiles/cmTC_758a7.dir/CheckFunctionExists.c.o  -o cmTC_758a7 -rdynamic -lpthreads 
/usr/bin/ld: cannot find -lpthreads
collect2: error: ld returned 1 exit status
make[1]: *** [cmTC_758a7] Error 1
make[1]: Leaving directory `/home/moyin/dev/autonomous_controllers/build/CMakeFiles/CMakeTmp'
make: *** [cmTC_758a7/fast] Error 2


